<?xml version="1.0" encoding="UTF-8"?>
<testng-results skipped="0" failed="0" total="1" passed="1">
  <reporter-output>
  </reporter-output>
  <suite name="Default suite" duration-ms="19222" started-at="2020-11-26T06:37:11Z" finished-at="2020-11-26T06:37:30Z">
    <groups>
      <group name="cucumber">
        <method signature="AbstractTestNGCucumberTests.feature(cucumber.api.testng.CucumberFeatureWrapper)[pri:0, instance:runner.TestRunnerNG@acaea5]" name="feature" class="cucumber.api.testng.AbstractTestNGCucumberTests"/>
      </group> <!-- cucumber -->
    </groups>
    <test name="Default test" duration-ms="19222" started-at="2020-11-26T06:37:11Z" finished-at="2020-11-26T06:37:30Z">
      <class name="runner.TestRunnerNG">
        <test-method status="PASS" signature="setUpClass()[pri:0, instance:runner.TestRunnerNG@acaea5]" name="setUpClass" is-config="true" duration-ms="208" started-at="2020-11-26T12:07:11Z" finished-at="2020-11-26T12:07:11Z">
          <reporter-output>
          </reporter-output>
        </test-method> <!-- setUpClass -->
        <test-method status="PASS" signature="feature(cucumber.api.testng.CucumberFeatureWrapper)[pri:0, instance:runner.TestRunnerNG@acaea5]" name="feature" duration-ms="18929" started-at="2020-11-26T12:07:11Z" description="Runs Cucumber Feature" data-provider="features" finished-at="2020-11-26T12:07:30Z">
          <params>
            <param index="0">
              <value>
                <![CDATA[Register feature]]>
              </value>
            </param>
          </params>
          <reporter-output>
          </reporter-output>
        </test-method> <!-- feature -->
        <test-method status="PASS" signature="tearDownClass()[pri:0, instance:runner.TestRunnerNG@acaea5]" name="tearDownClass" is-config="true" duration-ms="5" started-at="2020-11-26T12:07:30Z" finished-at="2020-11-26T12:07:30Z">
          <reporter-output>
          </reporter-output>
        </test-method> <!-- tearDownClass -->
      </class> <!-- runner.TestRunnerNG -->
    </test> <!-- Default test -->
  </suite> <!-- Default suite -->
</testng-results>
